<?xml version="1.0" encoding="UTF-8"?>
<testng-results ignored="0" total="1" passed="1" failed="0" skipped="0">
  <reporter-output>
  </reporter-output>
  <suite started-at="2023-11-20T16:23:43 IST" name="Suite" finished-at="2023-11-20T16:23:57 IST" duration-ms="14104">
    <groups>
    </groups>
    <test started-at="2023-11-20T16:23:43 IST" name="Test" finished-at="2023-11-20T16:23:57 IST" duration-ms="14104">
      <class name="testcases.DemoSiteLoginFunctionality">
        <test-method is-config="true" signature="startB()[pri:0, instance:testcases.DemoSiteLoginFunctionality@508dec2b]" started-at="2023-11-20T16:23:43 IST" name="startB" finished-at="2023-11-20T16:23:53 IST" duration-ms="9540" status="PASS">
          <reporter-output>
          </reporter-output>
        </test-method> <!-- startB -->
        <test-method signature="demoSiteTestingWithPOM(java.lang.String,java.lang.String)[pri:0, instance:testcases.DemoSiteLoginFunctionality@508dec2b]" started-at="2023-11-20T16:23:54 IST" name="demoSiteTestingWithPOM" data-provider="loginDetails" finished-at="2023-11-20T16:23:56 IST" duration-ms="2749" status="PASS">
          <params>
            <param index="0">
              <value>
                <![CDATA[Sher@test]]>
              </value>
            </param>
            <param index="1">
              <value>
                <![CDATA[Sher@12345]]>
              </value>
            </param>
          </params>
          <reporter-output>
          </reporter-output>
        </test-method> <!-- demoSiteTestingWithPOM -->
        <test-method is-config="true" signature="tearDown()[pri:0, instance:testcases.DemoSiteLoginFunctionality@508dec2b]" started-at="2023-11-20T16:23:56 IST" name="tearDown" finished-at="2023-11-20T16:23:57 IST" duration-ms="1037" status="PASS">
          <reporter-output>
          </reporter-output>
        </test-method> <!-- tearDown -->
      </class> <!-- testcases.DemoSiteLoginFunctionality -->
    </test> <!-- Test -->
  </suite> <!-- Suite -->
</testng-results>
